vagrant@ubuntu:~$ wget -qO - https://www.mongodb.org/static/pgp/server-6.0.asc | sudo apt-key add -
OK
vagrant@ubuntu:~$ echo "deb [ arch=amd64,arm64 ] https://repo.mongodb.org/apt/ubuntu focal/mongodb-org/6.0 multiverse" | sudo tee /etc/apt/sources.list.d/mongodb-org-6.0.list
deb [ arch=amd64,arm64 ] https://repo.mongodb.org/apt/ubuntu focal/mongodb-org/6.0 multiverse
vagrant@ubuntu:~$ sudo apt update
...
Fetched 26.4 MB in 10s (2,749 kB/s)
Reading package lists... Done
Building dependency tree
Reading state information... Done
8 packages can be upgraded. Run 'apt list --upgradable' to see them.
vagrant@ubuntu:~$ sudo apt-get install -y mongodb-org
Reading package lists... Done
Building dependency tree
Reading state information... Done
...
Not creating home directory `/home/mongodb'.
Adding group `mongodb' (GID 118) ...
Done.
Adding user `mongodb' to group `mongodb' ...
Adding user mongodb to group mongodb
Done.
Setting up mongodb-org-shell (6.0.2) ...
Setting up mongodb-database-tools (100.6.0) ...
Setting up mongodb-org-mongos (6.0.2) ...
Setting up mongodb-org-database-tools-extra (6.0.2) ...
Setting up mongodb-org-database (6.0.2) ...
Setting up mongodb-org-tools (6.0.2) ...
Setting up mongodb-org (6.0.2) ...
Processing triggers for man-db (2.9.1-1) ...
vagrant@ubuntu:~$ sudo systemctl start mongod
vagrant@ubuntu:~$ sudo systemctl status mongod
● mongod.service - MongoDB Database Server
     Loaded: loaded (/lib/systemd/system/mongod.service; disabled; vendor preset: enabled)
     Active: active (running) since Mon 2022-10-10 10:46:52 UTC; 8s ago
       Docs: https://docs.mongodb.org/manual
   Main PID: 6275 (mongod)
     Memory: 64.3M
     CGroup: /system.slice/mongod.service
             └─6275 /usr/bin/mongod --config /etc/mongod.conf

Oct 10 10:46:52 ubuntu.localdomain systemd[1]: Started MongoDB Database Server.
vagrant@ubuntu:~$
vagrant@ubuntu:~$ mongosh --port 27017
Current Mongosh Log ID: 6343f965bdd4df22a273ce00
Connecting to:          mongodb://127.0.0.1:27017/?directConnection=true&serverSelectionTimeoutMS=2000&appName=mongosh+1.6.0
Using MongoDB:          6.0.2
Using Mongosh:          1.6.0

For mongosh info see: https://docs.mongodb.com/mongodb-shell/


To help improve our products, anonymous usage data is collected and sent to MongoDB periodically (https://www.mongodb.com/legal/privacy-policy).
You can opt-out by running the disableTelemetry() command.

------
   The server generated these startup warnings when booting
   2022-10-10T10:46:52.767+00:00: Using the XFS filesystem is strongly recommended with the WiredTiger storage engine. See http://dochub.mongodb.org/core/prodnotes-filesystem
   2022-10-10T10:46:54.052+00:00: Access control is not enabled for the database. Read and write access to data and configuration is unrestricted
   2022-10-10T10:46:54.052+00:00: vm.max_map_count is too low
------

------
   Enable MongoDB's free cloud-based monitoring service, which will then receive and display
   metrics about your deployment (disk utilization, CPU, operation statistics, etc).

   The monitoring data will be available on a MongoDB website with a unique URL accessible to you
   and anyone you share the URL with. MongoDB may use this information to make product
   improvements and to suggest MongoDB products and deployment options to you.

   To enable free monitoring, run the following command: db.enableFreeMonitoring()
   To permanently disable this reminder, run the following command: db.disableFreeMonitoring()
------

test> use admin
switched to db admin
admin> db.createUser( { user: "root", pwd: "otus", roles: [ "userAdminAnyDatabase", "dbAdminAnyDatabase", "readWriteAnyDatabase" ] } )
{ ok: 1 }
admin> exit
vagrant@ubuntu:~$ sudo vi /etc/mongod.conf
vagrant@ubuntu:~$ sudo systemctl restart mongod
vagrant@ubuntu:~$ sudo systemctl status mongod
● mongod.service - MongoDB Database Server
     Loaded: loaded (/lib/systemd/system/mongod.service; disabled; vendor preset: enabled)
     Active: active (running) since Mon 2022-10-10 10:57:09 UTC; 7s ago
       Docs: https://docs.mongodb.org/manual
   Main PID: 6371 (mongod)
     Memory: 160.9M
     CGroup: /system.slice/mongod.service
             └─6371 /usr/bin/mongod --config /etc/mongod.conf

Oct 10 10:57:09 ubuntu.localdomain systemd[1]: Started MongoDB Database Server.
vagrant@ubuntu:~$



